\BOOKMARK [0][-]{chapter*.1}{Kurzfassung}{}% 1
\BOOKMARK [0][-]{chapter*.3}{Abbildungsverzeichnis}{}% 2
\BOOKMARK [0][-]{chapter*.4}{Tabellenverzeichnis}{}% 3
\BOOKMARK [0][-]{chapter*.5}{Abkürzungsverzeichnis}{}% 4
\BOOKMARK [0][-]{chapter*.7}{Aufgabenstellung}{}% 5
\BOOKMARK [0][-]{chapter*.8}{Vorwort}{}% 6
\BOOKMARK [0][-]{chapter*.9}{Einleitung}{}% 7
\BOOKMARK [0][-]{chapter.1}{Grundlagen}{}% 8
\BOOKMARK [1][-]{section.1.1}{Erste Überschrift}{chapter.1}% 9
\BOOKMARK [2][-]{subsection.1.1.1}{Zweite Überschrift}{section.1.1}% 10
\BOOKMARK [1][-]{section.1.2}{Erste Überschrift}{chapter.1}% 11
\BOOKMARK [2][-]{subsection.1.2.1}{Zweite Überschrift}{section.1.2}% 12
\BOOKMARK [2][-]{subsection.1.2.2}{Zweite Überschrift}{section.1.2}% 13
\BOOKMARK [0][-]{chapter.2}{Marktanalyse}{}% 14
\BOOKMARK [0][-]{chapter.3}{Entwicklung des Modells}{}% 15
\BOOKMARK [1][-]{section.3.1}{Erstes Unterkapitel}{chapter.3}% 16
\BOOKMARK [0][-]{chapter.4}{Ergebnisse}{}% 17
\BOOKMARK [1][-]{section.4.1}{Präsentation}{chapter.4}% 18
\BOOKMARK [1][-]{section.4.2}{Schwierigkeiten}{chapter.4}% 19
\BOOKMARK [1][-]{section.4.3}{Auswertungen}{chapter.4}% 20
\BOOKMARK [0][-]{chapter.5}{Zusammenfassung und Ausblick}{}% 21
\BOOKMARK [1][-]{section.5.1}{Zusammenfassung}{chapter.5}% 22
\BOOKMARK [1][-]{section.5.2}{Ausblick auf zukünftige Arbeiten}{chapter.5}% 23
\BOOKMARK [1][-]{section.5.3}{Schlusswort}{chapter.5}% 24
\BOOKMARK [0][-]{chapter*.13}{Literaturverzeichnis}{}% 25
\BOOKMARK [-1][-]{part*.14}{Anhang}{}% 26
\BOOKMARK [-1][-]{chapter*.16}{Erklärung}{}% 27
\BOOKMARK [-1][-]{chapter*.17}{Glossar}{}% 28
\BOOKMARK [-1][-]{chapter*.17}{Index}{}% 29
