\BOOKMARK [0][-]{chapter*.1}{Abstract}{}% 1
\BOOKMARK [0][-]{chapter*.3}{List of figures}{}% 2
\BOOKMARK [0][-]{chapter*.4}{List of tables}{}% 3
\BOOKMARK [0][-]{chapter*.5}{List of abbreviations}{}% 4
\BOOKMARK [0][-]{chapter*.6}{Topic}{}% 5
\BOOKMARK [0][-]{chapter*.7}{Preface}{}% 6
\BOOKMARK [0][-]{chapter*.8}{Introduction}{}% 7
\BOOKMARK [0][-]{chapter.1}{Grundlagen}{}% 8
\BOOKMARK [1][-]{section.1.1}{Erste Überschrift}{chapter.1}% 9
\BOOKMARK [2][-]{subsection.1.1.1}{Zweite Überschrift}{section.1.1}% 10
\BOOKMARK [1][-]{section.1.2}{Erste Überschrift}{chapter.1}% 11
\BOOKMARK [2][-]{subsection.1.2.1}{Zweite Überschrift}{section.1.2}% 12
\BOOKMARK [2][-]{subsection.1.2.2}{Zweite Überschrift}{section.1.2}% 13
\BOOKMARK [0][-]{chapter.2}{Marktanalyse}{}% 14
\BOOKMARK [1][-]{section.2.1}{dfhdhgj}{chapter.2}% 15
\BOOKMARK [1][-]{section.2.2}{thsgfnfgnj}{chapter.2}% 16
\BOOKMARK [1][-]{section.2.3}{gfhfgjdrtu}{chapter.2}% 17
\BOOKMARK [0][-]{chapter.3}{Entwicklung des Modells}{}% 18
\BOOKMARK [1][-]{section.3.1}{Erstes Unterkapitel}{chapter.3}% 19
\BOOKMARK [0][-]{chapter.4}{Ergebnisse}{}% 20
\BOOKMARK [1][-]{section.4.1}{Präsentation}{chapter.4}% 21
\BOOKMARK [1][-]{section.4.2}{Schwierigkeiten}{chapter.4}% 22
\BOOKMARK [1][-]{section.4.3}{Auswertungen}{chapter.4}% 23
\BOOKMARK [0][-]{chapter.5}{Zusammenfassung}{}% 24
\BOOKMARK [1][-]{section.5.1}{Zusammenfassung}{chapter.5}% 25
\BOOKMARK [1][-]{section.5.2}{Ausblick auf zukünftige Arbeiten}{chapter.5}% 26
\BOOKMARK [1][-]{section.5.3}{Schlusswort}{chapter.5}% 27
\BOOKMARK [0][-]{chapter*.12}{List of references}{}% 28
\BOOKMARK [-1][-]{part*.13}{Anhang}{}% 29
\BOOKMARK [-1][-]{chapter*.15}{Erklärung}{}% 30
\BOOKMARK [-1][-]{chapter*.16}{Glossar}{}% 31
\BOOKMARK [-1][-]{chapter*.16}{Index}{}% 32
